build/app/outputs/mapping/release/seeds.txt
com.twotech.ebranch.MainActivity: MainActivity()
com.twotech.ebranch.MainActivity
...
androidx.window.embedding.SplitController: void access$setStaticSplitRules(androidx.window.embedding.SplitController,java.util.Set)
com.google.android.gms.dynamite.descriptors.com.google.android.gms.measurement.dynamite.ModuleDescriptor
com.google.firebase.iid.FirebaseInstanceIdReceiver: FirebaseInstanceIdReceiver()
io.flutter.embedding.engine.FlutterJNI: void nativeInit(android.content.Context,java.lang.String[],java.lang.String,java.lang.String,java.lang.String,long)
io.flutter.embedding.android.FlutterSurfaceView: io.flutter.embedding.engine.renderer.FlutterRenderer getAttachedRenderer()
kotlinx.coroutines.JobSupport$Finishing: java.lang.Object _exceptionsHolder
androidx.window.embedding.EmbeddingCompat$Companion: boolean isEmbeddingAvailable()
io.flutter.embedding.engine.FlutterJNI: void updateJavaAssetManager(android.content.res.AssetManager,java.lang.String)
kotlin.jvm.internal.FunctionReference: FunctionReference(int)
androidx.window.java.layout.WindowInfoTrackerCallbackAdapter$addListener$1$1$invokeSuspend$$inlined$collect$1: java.lang.Object emit(java.lang.Object,kotlin.coroutines.Continuation)
kotlinx.coroutines.internal.LockFreeLinkedListNode: java.lang.Object _removedRef
androidx.window.layout.SidecarWindowBackend: androidx.window.layout.ExtensionInterfaceCompat getWindowExtension()
com.google.android.datatransport.cct.internal.NetworkConnectionInfo$NetworkType: com.google.android.datatransport.cct.internal.NetworkConnectionInfo$NetworkType valueOf(java.lang.String)
com.google.android.gms.internal.measurement.zzfm
androidx.window.embedding.ExtensionEmbeddingBackend: void unregisterRule(androidx.window.embedding.EmbeddingRule)
androidx.window.layout.SidecarAdapter$Companion: void setSidecarDevicePosture(androidx.window.sidecar.SidecarDeviceState,int)
com.google.android.gms.dynamite.DynamiteModule$DynamiteLoaderClassLoader: DynamiteModule$DynamiteLoaderClassLoader()
androidx.window.layout.SidecarCompat: java.util.Map access$getWindowListenerRegisteredContexts$p(androidx.window.layout.SidecarCompat)
com.google.android.gms.internal.measurement.zzfy: com.google.android.gms.internal.measurement.zzgb zzT
androidx.window.core.Version: Version(int,int,int,java.lang.String)
androidx.window.embedding.SplitRuleParser: java.util.Set parseSplitXml(android.content.Context,int)
androidx.window.embedding.SplitPairRule: androidx.window.embedding.SplitPairRule plus$window_release(androidx.window.embedding.SplitPairFilter)
androidx.window.core.Bounds: int getLeft()
com.google.android.gms.internal.measurement.zzfy: com.google.android.gms.internal.measurement.zzke zzH
androidx.window.embedding.EmbeddingRule
kotlinx.coroutines.CancellableContinuationImpl
io.flutter.plugin.editing.ImeSyncDeferringInsetsCallback: boolean needsSave
androidx.window.embedding.SplitPlaceholderRule: java.util.Set getFilters()
androidx.window.layout.SidecarWindowBackend$Companion: SidecarWindowBackend$Companion(kotlin.jvm.internal.DefaultConstructorMarker)
androidx.window.layout.WindowMetrics: androidx.window.core.Bounds _bounds
io.flutter.embedding.engine.FlutterJNI: void setDeferredComponentManager(io.flutter.embedding.engine.deferredcomponents.DeferredComponentManager)
io.flutter.embedding.engine.FlutterJNI: void ensureRunningOnMainThread()
com.google.android.gms.internal.measurement.zzgo: int zze
com.google.android.gms.maps.model.Tile: android.os.Parcelable$Creator CREATOR
androidx.window.embedding.SplitInfo: float getSplitRatio()
com.google.android.gms.internal.measurement.zzfy: boolean zzaa
androidx.window.layout.EmptyDecorator: EmptyDecorator()
androidx.window.embedding.SplitPairFilter: android.content.ComponentName secondaryActivityName
androidx.lifecycle.ReportFragment$LifecycleCallbacks: ReportFragment$LifecycleCallbacks()
com.google.android.gms.internal.measurement.zzfy: com.google.android.gms.internal.measurement.zzfy zze
androidx.window.embedding.SplitController: void clearRegisteredRules()