build/app/outputs/mapping/release/mapping.txt
# compiler: R8
# compiler_version: 2.1.62
# min_api: 20
# pg_map_id: 847732f
# common_typos_disable
...
kotlinx.coroutines.internal.LockFreeLinkedListNode$PrepareOp -> kotlinx.coroutines.internal.o$c:
    kotlinx.coroutines.internal.LockFreeLinkedListNode$AbstractAtomicDesc desc -> a
    void finishPrepare() -> d
kotlinx.coroutines.internal.LockFreeTaskQueue -> kotlinx.coroutines.internal.p:
    java.util.concurrent.atomic.AtomicReferenceFieldUpdater _cur$FU -> a
    boolean addLast(java.lang.Object) -> a
    void close() -> b
    int getSize() -> c
    java.lang.Object removeFirstOrNull() -> d
kotlinx.coroutines.internal.LockFreeTaskQueueCore -> kotlinx.coroutines.internal.q:
    java.util.concurrent.atomic.AtomicLongFieldUpdater _state$FU -> g
    java.util.concurrent.atomic.AtomicReferenceFieldUpdater _next$FU -> f
    kotlinx.coroutines.internal.Symbol REMOVE_FROZEN -> h
    kotlinx.coroutines.internal.LockFreeTaskQueueCore$Companion Companion -> e
    java.util.concurrent.atomic.AtomicReferenceArray array -> d
    boolean singleConsumer -> b
    int mask -> c
    int capacity -> a
    int addLast(java.lang.Object) -> a
    kotlinx.coroutines.internal.LockFreeTaskQueueCore allocateNextCopy(long) -> b
    kotlinx.coroutines.internal.LockFreeTaskQueueCore allocateOrGetNextCopy(long) -> c
    boolean close() -> d
    kotlinx.coroutines.internal.LockFreeTaskQueueCore fillPlaceholder(int,java.lang.Object) -> e
    int getSize() -> f
    boolean isEmpty() -> g
    long markFrozen() -> h
    kotlinx.coroutines.internal.LockFreeTaskQueueCore next() -> i
    java.lang.Object removeFirstOrNull() -> j
    kotlinx.coroutines.internal.LockFreeTaskQueueCore removeSlowPath(int,int) -> k
kotlinx.coroutines.internal.LockFreeTaskQueueCore$Companion -> kotlinx.coroutines.internal.q$a:
    int addFailReason(long) -> a
    long updateHead(long,int) -> b
    long updateTail(long,int) -> c
    long wo(long,long) -> d
kotlinx.coroutines.internal.LockFreeTaskQueueCore$Placeholder -> kotlinx.coroutines.internal.q$b:
    int index -> a
kotlinx.coroutines.internal.MainDispatcherLoader -> kotlinx.coroutines.internal.r:
    kotlinx.coroutines.internal.MainDispatcherLoader INSTANCE -> a
    kotlinx.coroutines.MainCoroutineDispatcher dispatcher -> c
    boolean FAST_SERVICE_LOADER_ENABLED -> b
    kotlinx.coroutines.MainCoroutineDispatcher loadMainDispatcher() -> a
kotlinx.coroutines.internal.MainDispatchersKt -> kotlinx.coroutines.internal.s:
    boolean SUPPORT_MISSING -> a
    kotlinx.coroutines.internal.MissingMainCoroutineDispatcher createMissingDispatcher(java.lang.Throwable,java.lang.String) -> a
    kotlinx.coroutines.internal.MissingMainCoroutineDispatcher createMissingDispatcher$default(java.lang.Throwable,java.lang.String,int,java.lang.Object) -> b
    java.lang.Void throwMissingMainDispatcherException() -> c
    kotlinx.coroutines.MainCoroutineDispatcher tryCreateDispatcher(kotlinx.coroutines.internal.MainDispatcherFactory,java.util.List) -> d
kotlinx.coroutines.internal.MissingMainCoroutineDispatcher -> kotlinx.coroutines.internal.t:
    java.lang.Throwable cause -> m
    java.lang.String errorHint -> n
    java.lang.Void dispatch(kotlin.coroutines.CoroutineContext,java.lang.Runnable) -> B
    java.lang.Void missing() -> C
    void dispatch(kotlin.coroutines.CoroutineContext,java.lang.Runnable) -> x
    boolean isDispatchNeeded(kotlin.coroutines.CoroutineContext) -> y
    kotlinx.coroutines.MainCoroutineDispatcher getImmediate() -> z