build/app/outputs/mapping/release/usage.txt
com.twotech.ebranch.R$integer
com.twotech.ebranch.R$attr
com.twotech.ebranch.R$color
com.twotech.ebranch.R$id
com.twotech.ebranch.BuildConfig
com.twotech.ebranch.R$dimen
com.twotech.ebranch.R$string
com.twotech.ebranch.R$layout
com.twotech.ebranch.R$drawable
com.twotech.ebranch.R$styleable
com.twotech.ebranch.R$mipmap
com.twotech.ebranch.R
com.twotech.ebranch.R$style
...
androidx.customview.widget.FocusStrategy
com.google.common.hash.SipHashFunction
com.google.firebase.datatransport.R$drawable
com.google.firebase.messaging.Constants$MessagePayloadKeys:
    private void <init>()
    public static final java.lang.String RESERVED_PREFIX
    public static final java.lang.String FROM
    public static final java.lang.String RAW_DATA
    public static final java.lang.String MESSAGE_TYPE
    public static final java.lang.String COLLAPSE_KEY
    public static final java.lang.String MSGID_SERVER
    public static final java.lang.String TO
    public static final java.lang.String MSGID
    public static final java.lang.String TTL
    public static final java.lang.String SENT_TIME
    public static final java.lang.String ORIGINAL_PRIORITY
    public static final java.lang.String DELIVERED_PRIORITY
    public static final java.lang.String PRIORITY_V19
    public static final java.lang.String PRIORITY_REDUCED_V19
    public static final java.lang.String RESERVED_CLIENT_LIB_PREFIX
    public static final java.lang.String SENDER_ID
com.google.android.gms.internal.measurement.zzdp
androidx.core.provider.FontsContractCompat$FontFamilyResult
kotlin.Deprecated
androidx.core.R$style
kotlinx.coroutines.sync.MutexImpl$LockCont$tryResumeLockWaiter$1
com.google.android.gms.location.ActivityTransition$Builder
com.google.common.base.Functions$PredicateFunction
com.google.common.collect.MapMakerInternalMap$WeakKeyStrongValueEntry$Helper
com.baseflow.geolocator.R$color
com.google.common.util.concurrent.AbstractScheduledService$1
kotlinx.coroutines.debug.internal.Marked
com.google.common.collect.AbstractMapBasedMultimap$KeySet
com.google.firebase.analytics.zzc:
    public final java.lang.Object zzg(int)
    public final void zzt(java.lang.String,java.lang.String,android.os.Bundle,long)
    public final void zzu(com.google.android.gms.measurement.internal.zzgs)
    public final void zzw(com.google.android.gms.measurement.internal.zzgr)
    public final void zzx(com.google.android.gms.measurement.internal.zzgs)
com.google.common.collect.ImmutableRangeMap$SerializedForm
com.google.android.gms.maps.MapView:
    public void <init>(android.content.Context)
    public void <init>(android.content.Context,android.util.AttributeSet)
    public void <init>(android.content.Context,android.util.AttributeSet,int)
    public final void onPause()
    public final void onLowMemory()
    public final void onEnterAmbient(android.os.Bundle)
    public final void onExitAmbient()
androidx.viewpager.R$styleable
com.google.common.cache.LocalCache$AbstractCacheSet
io.flutter.embedding.engine.loader.FlutterLoader:
    public boolean initialized()
    private static final java.lang.String TAG
    private static final java.lang.String OLD_GEN_HEAP_SIZE_META_DATA_KEY
    private static final java.lang.String ENABLE_SKPARAGRAPH_META_DATA_KEY
    private static final java.lang.String LEAK_VM_META_DATA_KEY
    static final java.lang.String AOT_SHARED_LIBRARY_NAME
    static final java.lang.String AOT_VMSERVICE_SHARED_LIBRARY_NAME
    static final java.lang.String SNAPSHOT_ASSET_PATH_KEY
    static final java.lang.String VM_SNAPSHOT_DATA_KEY
    static final java.lang.String ISOLATE_SNAPSHOT_DATA_KEY
    static final java.lang.String FLUTTER_ASSETS_DIR_KEY
    static final java.lang.String AUTOMATICALLY_REGISTER_PLUGINS_KEY
    private static final java.lang.String DEFAULT_LIBRARY
    private static final java.lang.String DEFAULT_KERNEL_BLOB
    private static final java.lang.String VMSERVICE_SNAPSHOT_LIBRARY
    private static io.flutter.embedding.engine.loader.FlutterLoader instance
javax.annotation.CheckForNull
com.google.common.primitives.Chars
androidx.core.app.JobIntentService$CompatWorkEnqueuer
com.google.common.collect.AbstractNavigableMap
androidx.activity.R$dimen
com.google.android.gms.common.internal.Constants